[debug] > Exec(early(addDefaultCommands), None, None)
[debug] > Exec(addDefaultCommands, None, None)
[debug] > Exec(early(initialize), None, None)
[debug] > Exec(initialize, None, None)
[debug] > Exec(boot, None, None)
[debug] > Exec(writeSbtVersion, None, None)
[debug] > Exec(reload, None, None)
[debug] > Exec(sbtStashOnFailure, None, None)
[debug] > Exec(onFailure loadFailed, None, None)
[debug] > Exec(loadp, None, None)
[info] welcome to sbt 1.4.0 (Ubuntu Java 11.0.9)
[debug] Load.defaultLoad until apply took 630.611796ms
[debug]           Load.loadUnit: plugins took 156.11757ms
[debug]           Load.loadUnit: defsScala took 0.875319ms
[debug] [Loading] Scanning directory /home/ante358/IdeaProjects/id2202-anwestm/solutions/cigrid/project
[debug]             Load.loadUnit: mkEval took 25.323753ms
[debug] [Loading] Found non-root projects 
[debug] [Loading] Done in /home/ante358/IdeaProjects/id2202-anwestm/solutions/cigrid/project, returning: ()
[debug] deducing auto plugins based on known facts Set(Atom(sbt.plugins.CorePlugin)) and clauses Clauses(List(Clause(Atom(sbt.plugins.JvmPlugin),Set(Atom(sbt.plugins.IvyPlugin))), Clause(Atom(sbt.ScriptedPlugin),Set(Atom(sbt.plugins.JvmPlugin))), Clause(Atom(sbt.plugins.SbtPlugin),Set(Atom(sbt.ScriptedPlugin))), Clause(Atom(sbt.plugins.SemanticdbPlugin),Set(Atom(sbt.plugins.JvmPlugin))), Clause(Atom(sbt.plugins.JUnitXmlReportPlugin),Set(Atom(sbt.plugins.JvmPlugin))), Clause(Atom(sbt.plugins.MiniDependencyTreePlugin),Set(Atom(sbt.plugins.JvmPlugin))), Clause(Atom(sbt.plugins.CorePlugin),Set(Atom(sbt.plugins.IvyPlugin))), Clause(Atom(sbt.plugins.IvyPlugin),Set(Atom(sbt.plugins.JvmPlugin))), Clause(Atom(sbt.plugins.JvmPlugin),Set(Atom(sbt.plugins.SemanticdbPlugin))), Clause(Atom(sbt.plugins.JvmPlugin),Set(Atom(sbt.plugins.JUnitXmlReportPlugin))), Clause(Atom(sbt.plugins.CorePlugin),Set(Atom(sbt.plugins.Giter8TemplatePlugin))), Clause(Atom(sbt.plugins.JvmPlugin),Set(Atom(sbt.plugins.MiniDependencyTreePlugin)))))
[debug]   :: deduced result: Matched(sbt.plugins.CorePlugin,sbt.plugins.Giter8TemplatePlugin,sbt.plugins.IvyPlugin,sbt.plugins.JvmPlugin,sbt.plugins.MiniDependencyTreePlugin,sbt.plugins.JUnitXmlReportPlugin,sbt.plugins.SemanticdbPlugin)
[debug] Plugins.deducer#function took 31.27595 ms
[info] loading settings for project cigrid-build from plugins.sbt ...
[debug]               Load.resolveProject(cigrid-build) took 75.502017ms
[debug]             Load.loadTransitive: finalizeProject(Project(id cigrid-build, base: /home/ante358/IdeaProjects/id2202-anwestm/solutions/cigrid/project, plugins: List(<none>))) took 147.980523ms
[debug] [Loading] Done in /home/ante358/IdeaProjects/id2202-anwestm/solutions/cigrid/project, returning: (cigrid-build)
[debug]           Load.loadUnit: loadedProjectsRaw took 487.566205ms
[debug]           Load.loadUnit: cleanEvalClasses took 6.791978ms
[debug]         Load.loadUnit(file:/home/ante358/IdeaProjects/id2202-anwestm/solutions/cigrid/project/, ...) took 671.922027ms
[debug]       Load.apply: load took 836.076477ms
[debug]       Load.apply: resolveProjects took 8.224938ms
[debug]       Load.apply: finalTransforms took 75.421031ms
[debug]       Load.apply: config.delegates took 7.948137ms
[debug]       Load.apply: Def.make(settings)... took 689.002628ms
[debug]       Load.apply: structureIndex took 170.453488ms
[debug]       Load.apply: mkStreams took 2.630653ms
[info] loading project definition from /home/ante358/IdeaProjects/id2202-anwestm/solutions/cigrid/project
[debug] Running task... Cancel: Signal, check cycles: false, forcegc: true
[debug]     Load.loadUnit: plugins took 3202.439123ms
[debug]     Load.loadUnit: defsScala took 0.004898ms
[debug] [Loading] Scanning directory /home/ante358/IdeaProjects/id2202-anwestm/solutions/cigrid
[debug]       Load.loadUnit: mkEval took 0.999305ms
[debug] [Loading] Found non-root projects 
[debug] [Loading] Done in /home/ante358/IdeaProjects/id2202-anwestm/solutions/cigrid, returning: ()
[debug] deducing auto plugins based on known facts Set(Atom(sbt.plugins.CorePlugin)) and clauses Clauses(List(Clause(Atom(sbt.plugins.JvmPlugin),Set(Atom(sbt.plugins.IvyPlugin))), Clause(Atom(sbt.ScriptedPlugin),Set(Atom(sbt.plugins.JvmPlugin))), Clause(Atom(sbt.plugins.SbtPlugin),Set(Atom(sbt.ScriptedPlugin))), Clause(Atom(sbt.plugins.SemanticdbPlugin),Set(Atom(sbt.plugins.JvmPlugin))), Clause(Atom(sbt.plugins.JUnitXmlReportPlugin),Set(Atom(sbt.plugins.JvmPlugin))), Clause(Atom(sbt.plugins.MiniDependencyTreePlugin),Set(Atom(sbt.plugins.JvmPlugin))), Clause(Atom(sbtassembly.AssemblyPlugin),Set(Atom(sbt.plugins.JvmPlugin))), Clause(Atom(sbt.plugins.CorePlugin),Set(Atom(sbt.plugins.IvyPlugin))), Clause(Atom(sbt.plugins.IvyPlugin),Set(Atom(sbt.plugins.JvmPlugin))), Clause(Atom(sbt.plugins.JvmPlugin),Set(Atom(sbt.plugins.SemanticdbPlugin))), Clause(Atom(sbt.plugins.JvmPlugin),Set(Atom(sbt.plugins.JUnitXmlReportPlugin))), Clause(Atom(sbt.plugins.CorePlugin),Set(Atom(sbt.plugins.Giter8TemplatePlugin))), Clause(Atom(sbt.plugins.JvmPlugin),Set(Atom(sbt.plugins.MiniDependencyTreePlugin))), Clause(Atom(sbt.plugins.JvmPlugin),Set(Atom(sbtassembly.AssemblyPlugin)))))
[debug]   :: deduced result: Matched(sbt.plugins.CorePlugin,sbt.plugins.Giter8TemplatePlugin,sbt.plugins.IvyPlugin,sbt.plugins.JvmPlugin,sbtassembly.AssemblyPlugin,sbt.plugins.MiniDependencyTreePlugin,sbt.plugins.JUnitXmlReportPlugin,sbt.plugins.SemanticdbPlugin)
[debug] Plugins.deducer#function took 2.322905 ms
[info] loading settings for project cigrid from build.sbt ...
[debug]         Load.resolveProject(cigrid) took 29.431366ms
[debug]       Load.loadTransitive: finalizeProject(Project(id cigrid, base: /home/ante358/IdeaProjects/id2202-anwestm/solutions/cigrid, plugins: List(<none>))) took 32.357211ms
[debug] [Loading] Done in /home/ante358/IdeaProjects/id2202-anwestm/solutions/cigrid, returning: (cigrid)
[debug]     Load.loadUnit: loadedProjectsRaw took 65.07773ms
[debug]     Load.loadUnit: cleanEvalClasses took 1.589048ms
[debug]   Load.loadUnit(file:/home/ante358/IdeaProjects/id2202-anwestm/solutions/cigrid/, ...) took 3270.29707ms
[debug] Load.apply: load took 3331.816422ms
[debug] Load.apply: resolveProjects took 0.13047ms
[debug] Load.apply: finalTransforms took 11.478303ms
[debug] Load.apply: config.delegates took 0.383922ms
[debug] Load.apply: Def.make(settings)... took 179.831283ms
[debug] Load.apply: structureIndex took 72.613531ms
[debug] Load.apply: mkStreams took 0.002598ms
[info] set current project to cigrid (in build file:/home/ante358/IdeaProjects/id2202-anwestm/solutions/cigrid/)
[debug] > Exec(sbtPopOnFailure, None, None)
[debug] > Exec(resumeFromFailure, None, None)
[debug] > Exec(notifyUsersAboutShell, None, None)
[debug] > Exec(iflast shell, None, None)
[debug] > Exec(set assemblyJarName := "cigrid.jar", None, None)
[info] Defining assemblyJarName
[info] The new value will be used by assembly / assemblyJarName, assemblyPackageDependency / assemblyJarName, assemblyPackageScala / assemblyJarName
[debug] Defining 
[debug] 	assemblyJarName
[debug] 
[debug] The new value will be used by 
[debug] 	assembly / assemblyJarName
[debug] 	assemblyPackageDependency / assemblyJarName
[debug] 	assemblyPackageScala / assemblyJarName
[info] Reapplying settings...
[info] set current project to cigrid (in build file:/home/ante358/IdeaProjects/id2202-anwestm/solutions/cigrid/)
[debug] > Exec(set assemblyOutputPath in assembly := file("/home/ante358/IdeaProjects/id2202-anwestm/solutions/cigrid/cigrid.jar"), None, None)
[info] Defining assembly / assemblyOutputPath
[info] The new value will be used by assembly
[debug] Defining 
[debug] 	assembly / assemblyOutputPath
[debug] 
[debug] The new value will be used by 
[debug] 	assembly
[info] Reapplying settings...
[info] set current project to cigrid (in build file:/home/ante358/IdeaProjects/id2202-anwestm/solutions/cigrid/)
[debug] > Exec(assembly, None, None)
[debug] Evaluating tasks: assembly
[debug] Running task... Cancel: Signal, check cycles: false, forcegc: true
